Сборка начата 23.11.2023 22:50:25.
Уровень детализации журнала: Normal.     1>Проект "C:\лабы\Белодед\12\osnovn\osnovn.vcxproj" в узле 2 (целевые объекты Build).
     1>InitializeBuildStatus:
         Создание "x64\Debug\osnovn.tlog\unsuccessfulbuild", так как было задано "AlwaysCreate".
         Обращение к "x64\Debug\osnovn.tlog\unsuccessfulbuild".
       ClCompile:
         C:\Program Files\Microsoft Visual Studio\2022\Community\VC\Tools\MSVC\14.37.32822\bin\HostX64\x64\CL.exe /c /ZI /JMC /nologo /W3 /WX- /diagnostics:column /sdl /Od /D _DEBUG /D _CONSOLE /D _UNICODE /D UNICODE /Gm- /EHsc /RTC1 /MDd /GS /fp:precise /Zc:wchar_t /Zc:forScope /Zc:inline /permissive- /Fo"x64\Debug\\" /Fd"x64\Debug\vc143.pdb" /external:W3 /Gd /TP /FC /errorReport:prompt onsovn.cpp
         onsovn.cpp
     1>C:\лабы\Белодед\12\osnovn\onsovn.cpp(13,15): warning C4244: аргумент: преобразование "time_t" в "unsigned int", возможна потеря данных
     1>C:\лабы\Белодед\12\osnovn\onsovn.cpp(16,27): warning C4244: =: преобразование "int" в "float", возможна потеря данных
     1>C:\лабы\Белодед\12\osnovn\onsovn.cpp(22,27): warning C4244: =: преобразование "int" в "float", возможна потеря данных
     1>C:\лабы\Белодед\12\osnovn\onsovn.cpp(37,19): warning C4244: =: преобразование "float" в "int", возможна потеря данных
     1>C:\лабы\Белодед\12\osnovn\onsovn.cpp(8,27): warning C4101: s: неиспользованная локальная переменная
     1>C:\лабы\Белодед\12\osnovn\onsovn.cpp(6,12): warning C4101: j: неиспользованная локальная переменная
     1>C:\лабы\Белодед\12\osnovn\onsovn.cpp(6,9): warning C4101: i: неиспользованная локальная переменная
     1>C:\лабы\Белодед\12\osnovn\onsovn.cpp(6,15): warning C4101: n: неиспользованная локальная переменная
       Link:
         C:\Program Files\Microsoft Visual Studio\2022\Community\VC\Tools\MSVC\14.37.32822\bin\HostX64\x64\link.exe /ERRORREPORT:PROMPT /OUT:"C:\лабы\Белодед\12\osnovn\x64\Debug\osnovn.exe" /INCREMENTAL /ILK:"x64\Debug\osnovn.ilk" /NOLOGO kernel32.lib user32.lib gdi32.lib winspool.lib comdlg32.lib advapi32.lib shell32.lib ole32.lib oleaut32.lib uuid.lib odbc32.lib odbccp32.lib /MANIFEST /MANIFESTUAC:"level='asInvoker' uiAccess='false'" /manifest:embed /DEBUG /PDB:"C:\лабы\Белодед\12\osnovn\x64\Debug\osnovn.pdb" /SUBSYSTEM:CONSOLE /TLBID:1 /DYNAMICBASE /NXCOMPAT /IMPLIB:"C:\лабы\Белодед\12\osnovn\x64\Debug\osnovn.lib" /MACHINE:X64 x64\Debug\onsovn.obj
         osnovn.vcxproj -> C:\лабы\Белодед\12\osnovn\x64\Debug\osnovn.exe
       FinalizeBuildStatus:
         Файл "x64\Debug\osnovn.tlog\unsuccessfulbuild" удаляется.
         Обращение к "x64\Debug\osnovn.tlog\osnovn.lastbuildstate".
     1>Сборка проекта "C:\лабы\Белодед\12\osnovn\osnovn.vcxproj" завершена (целевые объекты Build).

Сборка успешно завершена.

       "C:\лабы\Белодед\12\osnovn\osnovn.vcxproj" (целевой объект Build ) (1) ->
       (Целевой объект ClCompile) -> 
         C:\лабы\Белодед\12\osnovn\onsovn.cpp(13,15): warning C4244: аргумент: преобразование "time_t" в "unsigned int", возможна потеря данных
         C:\лабы\Белодед\12\osnovn\onsovn.cpp(16,27): warning C4244: =: преобразование "int" в "float", возможна потеря данных
         C:\лабы\Белодед\12\osnovn\onsovn.cpp(22,27): warning C4244: =: преобразование "int" в "float", возможна потеря данных
         C:\лабы\Белодед\12\osnovn\onsovn.cpp(37,19): warning C4244: =: преобразование "float" в "int", возможна потеря данных
         C:\лабы\Белодед\12\osnovn\onsovn.cpp(8,27): warning C4101: s: неиспользованная локальная переменная
         C:\лабы\Белодед\12\osnovn\onsovn.cpp(6,12): warning C4101: j: неиспользованная локальная переменная
         C:\лабы\Белодед\12\osnovn\onsovn.cpp(6,9): warning C4101: i: неиспользованная локальная переменная
         C:\лабы\Белодед\12\osnovn\onsovn.cpp(6,15): warning C4101: n: неиспользованная локальная переменная

    Предупреждений: 8
    Ошибок: 0

Прошло времени 00:00:00.72
