Сборка начата 02.11.2023 22:44:18.
Уровень детализации журнала: Normal.     1>Проект "C:\лабы\Белодед\9\9\dop5\dop5.vcxproj" в узле 2 (целевые объекты Build).
     1>InitializeBuildStatus:
         Создание "x64\Debug\dop5.tlog\unsuccessfulbuild", так как было задано "AlwaysCreate".
         Обращение к "x64\Debug\dop5.tlog\unsuccessfulbuild".
       ClCompile:
         C:\Program Files\Microsoft Visual Studio\2022\Community\VC\Tools\MSVC\14.37.32822\bin\HostX64\x64\CL.exe /c /ZI /JMC /nologo /W3 /WX- /diagnostics:column /sdl /Od /D _DEBUG /D _CONSOLE /D _UNICODE /D UNICODE /Gm- /EHsc /RTC1 /MDd /GS /fp:precise /Zc:wchar_t /Zc:forScope /Zc:inline /permissive- /Fo"x64\Debug\\" /Fd"x64\Debug\vc143.pdb" /external:W3 /Gd /TP /FC /errorReport:prompt dop5.cpp
         dop5.cpp
     1>C:\лабы\Белодед\9\9\dop5\dop5.cpp(8,9): warning C4244: =: преобразование "double" в "float", возможна потеря данных
     1>C:\лабы\Белодед\9\9\dop5\dop5.cpp(9,10): warning C4244: =: преобразование "double" в "float", возможна потеря данных
       Link:
         C:\Program Files\Microsoft Visual Studio\2022\Community\VC\Tools\MSVC\14.37.32822\bin\HostX64\x64\link.exe /ERRORREPORT:PROMPT /OUT:"C:\лабы\Белодед\9\9\x64\Debug\dop5.exe" /INCREMENTAL /ILK:"x64\Debug\dop5.ilk" /NOLOGO kernel32.lib user32.lib gdi32.lib winspool.lib comdlg32.lib advapi32.lib shell32.lib ole32.lib oleaut32.lib uuid.lib odbc32.lib odbccp32.lib /MANIFEST /MANIFESTUAC:"level='asInvoker' uiAccess='false'" /manifest:embed /DEBUG /PDB:"C:\лабы\Белодед\9\9\x64\Debug\dop5.pdb" /SUBSYSTEM:CONSOLE /TLBID:1 /DYNAMICBASE /NXCOMPAT /IMPLIB:"C:\лабы\Белодед\9\9\x64\Debug\dop5.lib" /MACHINE:X64 x64\Debug\dop5.obj
         dop5.vcxproj -> C:\лабы\Белодед\9\9\x64\Debug\dop5.exe
       FinalizeBuildStatus:
         Файл "x64\Debug\dop5.tlog\unsuccessfulbuild" удаляется.
         Обращение к "x64\Debug\dop5.tlog\dop5.lastbuildstate".
     1>Сборка проекта "C:\лабы\Белодед\9\9\dop5\dop5.vcxproj" завершена (целевые объекты Build).

Сборка успешно завершена.

       "C:\лабы\Белодед\9\9\dop5\dop5.vcxproj" (целевой объект Build ) (1) ->
       (Целевой объект ClCompile) -> 
         C:\лабы\Белодед\9\9\dop5\dop5.cpp(8,9): warning C4244: =: преобразование "double" в "float", возможна потеря данных
         C:\лабы\Белодед\9\9\dop5\dop5.cpp(9,10): warning C4244: =: преобразование "double" в "float", возможна потеря данных

    Предупреждений: 2
    Ошибок: 0

Прошло времени 00:00:00.54
