Сборка начата 23.11.2023 01:48:20.
Уровень детализации журнала: Normal.     1>Проект "C:\лабы\Белодед\12\osnovn2\osnovn2.vcxproj" в узле 2 (целевые объекты Build).
     1>InitializeBuildStatus:
         Создание "x64\Debug\osnovn2.tlog\unsuccessfulbuild", так как было задано "AlwaysCreate".
         Обращение к "x64\Debug\osnovn2.tlog\unsuccessfulbuild".
       ClCompile:
         C:\Program Files\Microsoft Visual Studio\2022\Community\VC\Tools\MSVC\14.37.32822\bin\HostX64\x64\CL.exe /c /ZI /JMC /nologo /W3 /WX- /diagnostics:column /sdl /Od /D _DEBUG /D _CONSOLE /D _UNICODE /D UNICODE /Gm- /EHsc /RTC1 /MDd /GS /fp:precise /Zc:wchar_t /Zc:forScope /Zc:inline /permissive- /Fo"x64\Debug\\" /Fd"x64\Debug\vc143.pdb" /external:W3 /Gd /TP /FC /errorReport:prompt osnovn2.cpp
         osnovn2.cpp
     1>C:\лабы\Белодед\12\osnovn2\osnovn2.cpp(4,1): warning C4326: возвращаемый тип "main" должен быть "int", а не "void"
     1>C:\лабы\Белодед\12\osnovn2\osnovn2.cpp(19,14): warning C4244: аргумент: преобразование "time_t" в "unsigned int", возможна потеря данных
     1>C:\лабы\Белодед\12\osnovn2\osnovn2.cpp(6,10): warning C4101: i: неиспользованная локальная переменная
       Link:
         C:\Program Files\Microsoft Visual Studio\2022\Community\VC\Tools\MSVC\14.37.32822\bin\HostX64\x64\link.exe /ERRORREPORT:PROMPT /OUT:"C:\лабы\Белодед\12\osnovn\x64\Debug\osnovn2.exe" /INCREMENTAL /ILK:"x64\Debug\osnovn2.ilk" /NOLOGO kernel32.lib user32.lib gdi32.lib winspool.lib comdlg32.lib advapi32.lib shell32.lib ole32.lib oleaut32.lib uuid.lib odbc32.lib odbccp32.lib /MANIFEST /MANIFESTUAC:"level='asInvoker' uiAccess='false'" /manifest:embed /DEBUG /PDB:"C:\лабы\Белодед\12\osnovn\x64\Debug\osnovn2.pdb" /SUBSYSTEM:CONSOLE /TLBID:1 /DYNAMICBASE /NXCOMPAT /IMPLIB:"C:\лабы\Белодед\12\osnovn\x64\Debug\osnovn2.lib" /MACHINE:X64 x64\Debug\osnovn2.obj
         osnovn2.vcxproj -> C:\лабы\Белодед\12\osnovn\x64\Debug\osnovn2.exe
       FinalizeBuildStatus:
         Файл "x64\Debug\osnovn2.tlog\unsuccessfulbuild" удаляется.
         Обращение к "x64\Debug\osnovn2.tlog\osnovn2.lastbuildstate".
     1>Сборка проекта "C:\лабы\Белодед\12\osnovn2\osnovn2.vcxproj" завершена (целевые объекты Build).

Сборка успешно завершена.

       "C:\лабы\Белодед\12\osnovn2\osnovn2.vcxproj" (целевой объект Build ) (1) ->
       (Целевой объект ClCompile) -> 
         C:\лабы\Белодед\12\osnovn2\osnovn2.cpp(4,1): warning C4326: возвращаемый тип "main" должен быть "int", а не "void"
         C:\лабы\Белодед\12\osnovn2\osnovn2.cpp(19,14): warning C4244: аргумент: преобразование "time_t" в "unsigned int", возможна потеря данных
         C:\лабы\Белодед\12\osnovn2\osnovn2.cpp(6,10): warning C4101: i: неиспользованная локальная переменная

    Предупреждений: 3
    Ошибок: 0

Прошло времени 00:00:00.68
