Сборка начата 14.10.2023 15:51:26.
Уровень детализации журнала: Normal.     1>Проект "C:\лабы\Белодед\5\4\4.vcxproj" в узле 2 (целевые объекты Build).
     1>InitializeBuildStatus:
         Создание "x64\Debug\4.tlog\unsuccessfulbuild", так как было задано "AlwaysCreate".
         Обращение к "x64\Debug\4.tlog\unsuccessfulbuild".
       ClCompile:
         C:\Program Files\Microsoft Visual Studio\2022\Community\VC\Tools\MSVC\14.37.32822\bin\HostX64\x64\CL.exe /c /ZI /JMC /nologo /W3 /WX- /diagnostics:column /sdl /Od /D _DEBUG /D _CONSOLE /D _UNICODE /D UNICODE /Gm- /EHsc /RTC1 /MDd /GS /fp:precise /Zc:wchar_t /Zc:forScope /Zc:inline /permissive- /Fo"x64\Debug\\" /Fd"x64\Debug\vc143.pdb" /external:W3 /Gd /TP /FC /errorReport:prompt 4.cpp
         4.cpp
     1>C:\лабы\Белодед\5\4\4.cpp(15,14): warning C4244: =: преобразование "double" в "float", возможна потеря данных
     1>C:\лабы\Белодед\5\4\4.cpp(17,18): warning C4244: =: преобразование "double" в "float", возможна потеря данных
     1>C:\лабы\Белодед\5\4\4.cpp(18,16): warning C4244: =: преобразование "double" в "float", возможна потеря данных
       Link:
         C:\Program Files\Microsoft Visual Studio\2022\Community\VC\Tools\MSVC\14.37.32822\bin\HostX64\x64\link.exe /ERRORREPORT:PROMPT /OUT:"C:\лабы\Белодед\5\x64\Debug\4.exe" /INCREMENTAL /ILK:"x64\Debug\4.ilk" /NOLOGO kernel32.lib user32.lib gdi32.lib winspool.lib comdlg32.lib advapi32.lib shell32.lib ole32.lib oleaut32.lib uuid.lib odbc32.lib odbccp32.lib /MANIFEST /MANIFESTUAC:"level='asInvoker' uiAccess='false'" /manifest:embed /DEBUG /PDB:"C:\лабы\Белодед\5\x64\Debug\4.pdb" /SUBSYSTEM:CONSOLE /TLBID:1 /DYNAMICBASE /NXCOMPAT /IMPLIB:"C:\лабы\Белодед\5\x64\Debug\4.lib" /MACHINE:X64 x64\Debug\4.obj
         4.vcxproj -> C:\лабы\Белодед\5\x64\Debug\4.exe
       FinalizeBuildStatus:
         Файл "x64\Debug\4.tlog\unsuccessfulbuild" удаляется.
         Обращение к "x64\Debug\4.tlog\4.lastbuildstate".
     1>Сборка проекта "C:\лабы\Белодед\5\4\4.vcxproj" завершена (целевые объекты Build).

Сборка успешно завершена.

       "C:\лабы\Белодед\5\4\4.vcxproj" (целевой объект Build ) (1) ->
       (Целевой объект ClCompile) -> 
         C:\лабы\Белодед\5\4\4.cpp(15,14): warning C4244: =: преобразование "double" в "float", возможна потеря данных
         C:\лабы\Белодед\5\4\4.cpp(17,18): warning C4244: =: преобразование "double" в "float", возможна потеря данных
         C:\лабы\Белодед\5\4\4.cpp(18,16): warning C4244: =: преобразование "double" в "float", возможна потеря данных

    Предупреждений: 3
    Ошибок: 0

Прошло времени 00:00:01.58
