Сборка начата 15.11.2023 22:44:53.
Уровень детализации журнала: Normal.     1>Проект "C:\лабы\Белодед\11\15dop\15dop.vcxproj" в узле 2 (целевые объекты Build).
     1>PrepareForBuild:
         Создание каталога "x64\Debug\15dop.tlog\".
       InitializeBuildStatus:
         Создание "x64\Debug\15dop.tlog\unsuccessfulbuild", так как было задано "AlwaysCreate".
         Обращение к "x64\Debug\15dop.tlog\unsuccessfulbuild".
       ClCompile:
         C:\Program Files\Microsoft Visual Studio\2022\Community\VC\Tools\MSVC\14.37.32822\bin\HostX64\x64\CL.exe /c /ZI /JMC /nologo /W3 /WX- /diagnostics:column /sdl /Od /D _DEBUG /D _CONSOLE /D _UNICODE /D UNICODE /Gm- /EHsc /RTC1 /MDd /GS /fp:precise /Zc:wchar_t /Zc:forScope /Zc:inline /permissive- /Fo"x64\Debug\\" /Fd"x64\Debug\vc143.pdb" /external:W3 /Gd /TP /FC /errorReport:prompt dop15.cpp
         dop15.cpp
     1>C:\лабы\Белодед\11\15dop\dop15.cpp(4,2): warning C4326: возвращаемый тип "main" должен быть "int", а не "void"
       Link:
         C:\Program Files\Microsoft Visual Studio\2022\Community\VC\Tools\MSVC\14.37.32822\bin\HostX64\x64\link.exe /ERRORREPORT:PROMPT /OUT:"C:\лабы\Белодед\11\11\x64\Debug\15dop.exe" /INCREMENTAL /ILK:"x64\Debug\15dop.ilk" /NOLOGO kernel32.lib user32.lib gdi32.lib winspool.lib comdlg32.lib advapi32.lib shell32.lib ole32.lib oleaut32.lib uuid.lib odbc32.lib odbccp32.lib /MANIFEST /MANIFESTUAC:"level='asInvoker' uiAccess='false'" /manifest:embed /DEBUG /PDB:"C:\лабы\Белодед\11\11\x64\Debug\15dop.pdb" /SUBSYSTEM:CONSOLE /TLBID:1 /DYNAMICBASE /NXCOMPAT /IMPLIB:"C:\лабы\Белодед\11\11\x64\Debug\15dop.lib" /MACHINE:X64 x64\Debug\dop15.obj
         15dop.vcxproj -> C:\лабы\Белодед\11\11\x64\Debug\15dop.exe
       FinalizeBuildStatus:
         Файл "x64\Debug\15dop.tlog\unsuccessfulbuild" удаляется.
         Обращение к "x64\Debug\15dop.tlog\15dop.lastbuildstate".
     1>Сборка проекта "C:\лабы\Белодед\11\15dop\15dop.vcxproj" завершена (целевые объекты Build).

Сборка успешно завершена.

       "C:\лабы\Белодед\11\15dop\15dop.vcxproj" (целевой объект Build ) (1) ->
       (Целевой объект ClCompile) -> 
         C:\лабы\Белодед\11\15dop\dop15.cpp(4,2): warning C4326: возвращаемый тип "main" должен быть "int", а не "void"

    Предупреждений: 1
    Ошибок: 0

Прошло времени 00:00:00.72
