Сборка начата 16.12.2023 13:04:33.
Уровень детализации журнала: Normal.     1>Проект "C:\лабы\Белодед\17\17\osnovn\osnovn.vcxproj" в узле 2 (целевые объекты Build).
     1>InitializeBuildStatus:
         Обращение к "x64\Debug\osnovn.tlog\unsuccessfulbuild".
       ClCompile:
         C:\Program Files\Microsoft Visual Studio\2022\Community\VC\Tools\MSVC\14.37.32822\bin\HostX64\x64\CL.exe /c /ZI /JMC /nologo /W3 /WX- /diagnostics:column /sdl /Od /D _DEBUG /D _CONSOLE /D _UNICODE /D UNICODE /Gm- /EHsc /RTC1 /MDd /GS /fp:precise /Zc:wchar_t /Zc:forScope /Zc:inline /permissive- /Fo"x64\Debug\\" /Fd"x64\Debug\vc143.pdb" /external:W3 /Gd /TP /FC /errorReport:prompt osnovn.cpp
         osnovn.cpp
     1>C:\лабы\Белодед\17\17\osnovn\osnovn.cpp(6,12): warning C4244: аргумент: преобразование "time_t" в "unsigned int", возможна потеря данных
       Link:
         C:\Program Files\Microsoft Visual Studio\2022\Community\VC\Tools\MSVC\14.37.32822\bin\HostX64\x64\link.exe /ERRORREPORT:PROMPT /OUT:"C:\лабы\Белодед\17\17\x64\Debug\osnovn.exe" /INCREMENTAL /ILK:"x64\Debug\osnovn.ilk" /NOLOGO kernel32.lib user32.lib gdi32.lib winspool.lib comdlg32.lib advapi32.lib shell32.lib ole32.lib oleaut32.lib uuid.lib odbc32.lib odbccp32.lib /MANIFEST /MANIFESTUAC:"level='asInvoker' uiAccess='false'" /manifest:embed /DEBUG /PDB:"C:\лабы\Белодед\17\17\x64\Debug\osnovn.pdb" /SUBSYSTEM:CONSOLE /TLBID:1 /DYNAMICBASE /NXCOMPAT /IMPLIB:"C:\лабы\Белодед\17\17\x64\Debug\osnovn.lib" /MACHINE:X64 x64\Debug\osnovn.obj
         osnovn.vcxproj -> C:\лабы\Белодед\17\17\x64\Debug\osnovn.exe
       FinalizeBuildStatus:
         Файл "x64\Debug\osnovn.tlog\unsuccessfulbuild" удаляется.
         Обращение к "x64\Debug\osnovn.tlog\osnovn.lastbuildstate".
     1>Сборка проекта "C:\лабы\Белодед\17\17\osnovn\osnovn.vcxproj" завершена (целевые объекты Build).

Сборка успешно завершена.

       "C:\лабы\Белодед\17\17\osnovn\osnovn.vcxproj" (целевой объект Build ) (1) ->
       (Целевой объект ClCompile) -> 
         C:\лабы\Белодед\17\17\osnovn\osnovn.cpp(6,12): warning C4244: аргумент: преобразование "time_t" в "unsigned int", возможна потеря данных

    Предупреждений: 1
    Ошибок: 0

Прошло времени 00:00:01.33
