Сборка начата 16.12.2023 13:17:05.
Уровень детализации журнала: Normal.     1>Проект "C:\лабы\Белодед\16\16\dop16switch\dop16switch.vcxproj" в узле 2 (целевые объекты Build).
     1>InitializeBuildStatus:
         Создание "x64\Debug\dop16switch.tlog\unsuccessfulbuild", так как было задано "AlwaysCreate".
         Обращение к "x64\Debug\dop16switch.tlog\unsuccessfulbuild".
       ClCompile:
         C:\Program Files\Microsoft Visual Studio\2022\Community\VC\Tools\MSVC\14.37.32822\bin\HostX64\x64\CL.exe /c /ZI /JMC /nologo /W3 /WX- /diagnostics:column /sdl /Od /D _DEBUG /D _CONSOLE /D _UNICODE /D UNICODE /Gm- /EHsc /RTC1 /MDd /GS /fp:precise /Zc:wchar_t /Zc:forScope /Zc:inline /permissive- /Fo"x64\Debug\\" /Fd"x64\Debug\vc143.pdb" /external:W3 /Gd /TP /FC /errorReport:prompt dop16swith.cpp
         dop16swith.cpp
     1>C:\лабы\Белодед\16\16\dop16switch\dop16swith.cpp(8,12): warning C4244: аргумент: преобразование "time_t" в "unsigned int", возможна потеря данных
     1>C:\лабы\Белодед\16\16\dop16switch\dop16swith.cpp(34,67): warning C4101: lval: неиспользованная локальная переменная
       Link:
         C:\Program Files\Microsoft Visual Studio\2022\Community\VC\Tools\MSVC\14.37.32822\bin\HostX64\x64\link.exe /ERRORREPORT:PROMPT /OUT:"C:\лабы\Белодед\16\16\x64\Debug\dop16switch.exe" /INCREMENTAL /ILK:"x64\Debug\dop16switch.ilk" /NOLOGO kernel32.lib user32.lib gdi32.lib winspool.lib comdlg32.lib advapi32.lib shell32.lib ole32.lib oleaut32.lib uuid.lib odbc32.lib odbccp32.lib /MANIFEST /MANIFESTUAC:"level='asInvoker' uiAccess='false'" /manifest:embed /DEBUG /PDB:"C:\лабы\Белодед\16\16\x64\Debug\dop16switch.pdb" /SUBSYSTEM:CONSOLE /TLBID:1 /DYNAMICBASE /NXCOMPAT /IMPLIB:"C:\лабы\Белодед\16\16\x64\Debug\dop16switch.lib" /MACHINE:X64 x64\Debug\dop16swith.obj
         dop16switch.vcxproj -> C:\лабы\Белодед\16\16\x64\Debug\dop16switch.exe
       FinalizeBuildStatus:
         Файл "x64\Debug\dop16switch.tlog\unsuccessfulbuild" удаляется.
         Обращение к "x64\Debug\dop16switch.tlog\dop16switch.lastbuildstate".
     1>Сборка проекта "C:\лабы\Белодед\16\16\dop16switch\dop16switch.vcxproj" завершена (целевые объекты Build).

Сборка успешно завершена.

       "C:\лабы\Белодед\16\16\dop16switch\dop16switch.vcxproj" (целевой объект Build ) (1) ->
       (Целевой объект ClCompile) -> 
         C:\лабы\Белодед\16\16\dop16switch\dop16swith.cpp(8,12): warning C4244: аргумент: преобразование "time_t" в "unsigned int", возможна потеря данных
         C:\лабы\Белодед\16\16\dop16switch\dop16swith.cpp(34,67): warning C4101: lval: неиспользованная локальная переменная

    Предупреждений: 2
    Ошибок: 0

Прошло времени 00:00:01.29
