Сборка начата 04.11.2023 14:57:23.
Уровень детализации журнала: Normal.     1>Проект "C:\лабы\Белодед\9\9\dop1_2\dop1_2.vcxproj" в узле 2 (целевые объекты Build).
     1>C:\Program Files\Microsoft Visual Studio\2022\Community\MSBuild\Microsoft\VC\v170\Microsoft.CppBuild.targets(531,5): warning MSB8028: промежуточный каталог (x64\Debug\) содержит файлы, которые используются совместно с другим проектом (dop1_2.vcxproj).  Это может привести к ошибкам очистки и перестроения.
     1>InitializeBuildStatus:
         Создание "x64\Debug\dop3_2.tlog\unsuccessfulbuild", так как было задано "AlwaysCreate".
         Обращение к "x64\Debug\dop3_2.tlog\unsuccessfulbuild".
       ClCompile:
         C:\Program Files\Microsoft Visual Studio\2022\Community\VC\Tools\MSVC\14.37.32822\bin\HostX64\x64\CL.exe /c /ZI /JMC /nologo /W3 /WX- /diagnostics:column /sdl /Od /D _DEBUG /D _CONSOLE /D _UNICODE /D UNICODE /Gm- /EHsc /RTC1 /MDd /GS /fp:precise /Zc:wchar_t /Zc:forScope /Zc:inline /permissive- /Fo"x64\Debug\\" /Fd"x64\Debug\vc143.pdb" /external:W3 /Gd /TP /FC /errorReport:prompt dop3_2.cpp
         dop3_2.cpp
     1>C:\лабы\Белодед\9\9\dop1_2\dop3_2.cpp(6,62): warning C4101: fah: неиспользованная локальная переменная
     1>C:\лабы\Белодед\9\9\dop1_2\dop3_2.cpp(6,67): warning C4101: fb: неиспользованная локальная переменная
     1>C:\лабы\Белодед\9\9\dop1_2\dop3_2.cpp(6,58): warning C4101: fa: неиспользованная локальная переменная
       Link:
         C:\Program Files\Microsoft Visual Studio\2022\Community\VC\Tools\MSVC\14.37.32822\bin\HostX64\x64\link.exe /ERRORREPORT:PROMPT /OUT:"C:\лабы\Белодед\9\9\x64\Debug\dop3_2.exe" /INCREMENTAL /ILK:"x64\Debug\dop3_2.ilk" /NOLOGO kernel32.lib user32.lib gdi32.lib winspool.lib comdlg32.lib advapi32.lib shell32.lib ole32.lib oleaut32.lib uuid.lib odbc32.lib odbccp32.lib /MANIFEST /MANIFESTUAC:"level='asInvoker' uiAccess='false'" /manifest:embed /DEBUG /PDB:"C:\лабы\Белодед\9\9\x64\Debug\dop3_2.pdb" /SUBSYSTEM:CONSOLE /TLBID:1 /DYNAMICBASE /NXCOMPAT /IMPLIB:"C:\лабы\Белодед\9\9\x64\Debug\dop3_2.lib" /MACHINE:X64 x64\Debug\dop3_2.obj
         dop1_2.vcxproj -> C:\лабы\Белодед\9\9\x64\Debug\dop3_2.exe
       FinalizeBuildStatus:
         Файл "x64\Debug\dop3_2.tlog\unsuccessfulbuild" удаляется.
         Обращение к "x64\Debug\dop3_2.tlog\dop3_2.lastbuildstate".
     1>Сборка проекта "C:\лабы\Белодед\9\9\dop1_2\dop1_2.vcxproj" завершена (целевые объекты Build).

Сборка успешно завершена.

       "C:\лабы\Белодед\9\9\dop1_2\dop1_2.vcxproj" (целевой объект Build ) (1) ->
       (Целевой объект PrepareForBuild) -> 
         C:\Program Files\Microsoft Visual Studio\2022\Community\MSBuild\Microsoft\VC\v170\Microsoft.CppBuild.targets(531,5): warning MSB8028: промежуточный каталог (x64\Debug\) содержит файлы, которые используются совместно с другим проектом (dop1_2.vcxproj).  Это может привести к ошибкам очистки и перестроения.


       "C:\лабы\Белодед\9\9\dop1_2\dop1_2.vcxproj" (целевой объект Build ) (1) ->
       (Целевой объект ClCompile) -> 
         C:\лабы\Белодед\9\9\dop1_2\dop3_2.cpp(6,62): warning C4101: fah: неиспользованная локальная переменная
         C:\лабы\Белодед\9\9\dop1_2\dop3_2.cpp(6,67): warning C4101: fb: неиспользованная локальная переменная
         C:\лабы\Белодед\9\9\dop1_2\dop3_2.cpp(6,58): warning C4101: fa: неиспользованная локальная переменная

    Предупреждений: 4
    Ошибок: 0

Прошло времени 00:00:01.55
