Сборка начата 02.11.2023 22:33:18.
Уровень детализации журнала: Normal.     1>Проект "C:\лабы\Белодед\9\9\dop3_3\dop3_3.vcxproj" в узле 2 (целевые объекты Build).
     1>InitializeBuildStatus:
         Создание "x64\Debug\dop3_3.tlog\unsuccessfulbuild", так как было задано "AlwaysCreate".
         Обращение к "x64\Debug\dop3_3.tlog\unsuccessfulbuild".
       ClCompile:
         C:\Program Files\Microsoft Visual Studio\2022\Community\VC\Tools\MSVC\14.37.32822\bin\HostX64\x64\CL.exe /c /ZI /JMC /nologo /W3 /WX- /diagnostics:column /sdl /Od /D _DEBUG /D _CONSOLE /D _UNICODE /D UNICODE /Gm- /EHsc /RTC1 /MDd /GS /fp:precise /Zc:wchar_t /Zc:forScope /Zc:inline /permissive- /Fo"x64\Debug\\" /Fd"x64\Debug\vc143.pdb" /external:W3 /Gd /TP /FC /errorReport:prompt dop3_3.cpp
         dop3_3.cpp
     1>C:\лабы\Белодед\9\9\dop3_3\dop3_3.cpp(6,17): warning C4101: s: неиспользованная локальная переменная
       Link:
         C:\Program Files\Microsoft Visual Studio\2022\Community\VC\Tools\MSVC\14.37.32822\bin\HostX64\x64\link.exe /ERRORREPORT:PROMPT /OUT:"C:\лабы\Белодед\9\9\x64\Debug\dop3_3.exe" /INCREMENTAL /ILK:"x64\Debug\dop3_3.ilk" /NOLOGO kernel32.lib user32.lib gdi32.lib winspool.lib comdlg32.lib advapi32.lib shell32.lib ole32.lib oleaut32.lib uuid.lib odbc32.lib odbccp32.lib /MANIFEST /MANIFESTUAC:"level='asInvoker' uiAccess='false'" /manifest:embed /DEBUG /PDB:"C:\лабы\Белодед\9\9\x64\Debug\dop3_3.pdb" /SUBSYSTEM:CONSOLE /TLBID:1 /DYNAMICBASE /NXCOMPAT /IMPLIB:"C:\лабы\Белодед\9\9\x64\Debug\dop3_3.lib" /MACHINE:X64 x64\Debug\dop3_3.obj
         dop3_3.vcxproj -> C:\лабы\Белодед\9\9\x64\Debug\dop3_3.exe
       FinalizeBuildStatus:
         Файл "x64\Debug\dop3_3.tlog\unsuccessfulbuild" удаляется.
         Обращение к "x64\Debug\dop3_3.tlog\dop3_3.lastbuildstate".
     1>Сборка проекта "C:\лабы\Белодед\9\9\dop3_3\dop3_3.vcxproj" завершена (целевые объекты Build).

Сборка успешно завершена.

       "C:\лабы\Белодед\9\9\dop3_3\dop3_3.vcxproj" (целевой объект Build ) (1) ->
       (Целевой объект ClCompile) -> 
         C:\лабы\Белодед\9\9\dop3_3\dop3_3.cpp(6,17): warning C4101: s: неиспользованная локальная переменная

    Предупреждений: 1
    Ошибок: 0

Прошло времени 00:00:00.68
